2021-11-19 20:08:05,096  INFO [main] BigSmall:66 - Landing at Home Page
2021-11-19 20:08:09,904  INFO [main] BigSmall:79 - Successfully directed to Sign In Page
2021-11-19 20:08:12,982  INFO [main] BigSmall:87 - Entered username-> 
2021-11-19 20:08:13,055  INFO [main] BigSmall:90 - Entered password-> 
2021-11-19 20:08:15,058  INFO [main] BigSmall:92 - Clicked on Submit button
2021-11-19 20:08:21,492  INFO [main] BigSmall:79 - Successfully directed to Sign In Page
2021-11-19 20:08:24,601  INFO [main] BigSmall:87 - Entered username-> simon@123
2021-11-19 20:08:24,755  INFO [main] BigSmall:90 - Entered password-> abcd
2021-11-19 20:08:24,860  INFO [main] BigSmall:92 - Clicked on Submit button
2021-11-19 20:08:31,508  INFO [main] BigSmall:79 - Successfully directed to Sign In Page
2021-11-19 20:08:34,627  INFO [main] BigSmall:87 - Entered username-> JackNJill@gmail.com
2021-11-19 20:08:34,717  INFO [main] BigSmall:90 - Entered password-> JackNJill@123
2021-11-19 20:08:34,855  INFO [main] BigSmall:92 - Clicked on Submit button
2021-11-19 20:08:41,492  INFO [main] BigSmall:106 - Successfully Sorted Products High to Low based on price
2021-11-19 20:08:43,796  INFO [main] BigSmall:115 - Successfully searched product - Diary
2021-11-19 20:08:43,928  INFO [main] BigSmall:119 - Successfully verified products are displayed
2021-11-19 20:08:46,011  INFO [main] BigSmall:125 - Successfully navigated to Christmas Gifts
2021-11-19 20:08:50,750  INFO [main] BigSmall:131 - Added product to cart
2021-11-19 20:08:59,964  INFO [main] BigSmall:139 - Proceeded to checkout and returned to cart
2021-11-19 20:09:04,632  INFO [main] BigSmall:148 - Selected 18th Birthday Gift
2021-11-19 20:09:13,009  INFO [main] BigSmall:156 - Successfully Added Product to Wishlist
2021-11-19 20:09:16,952  INFO [main] BigSmall:164 - Navigated to All of it Page
2021-11-19 20:09:17,003  INFO [main] BigSmall:167 - Verified Auto Rickshaw Pen Stand
2021-11-19 20:09:30,511  INFO [main] BigSmall:174 - Wishlist Page
2021-11-19 20:09:32,616  INFO [main] BigSmall:181 - Products are displayed in Wishlist
2021-11-19 20:09:34,134  INFO [main] BigSmall:187 - About Us Page
2021-11-19 20:09:34,184  INFO [main] BigSmall:190 - Verified title of About Us Page
2021-11-19 20:09:35,520  INFO [main] BigSmall:211 - clicked on contact us
2021-11-19 20:09:36,025  INFO [main] BigSmall:216 - all info added
2021-11-19 20:09:36,046  INFO [main] BigSmall:220 - thank you for contacting us
2021-11-19 20:09:37,596  INFO [main] BigSmall:196 - Gift Cards Page
2021-11-19 20:09:39,848  INFO [main] BigSmall:200 - Added Gift Card to cart
2021-11-19 20:09:39,864  INFO [main] BigSmall:203 - Verified cart
